[01-Sep-2016 06:01:06 UTC] PHP Fatal error:  Maximum function nesting level of '256' reached, aborting! in /home/ubuntu/workspace/wp-includes/functions.php on line 2987
[01-Sep-2016 06:01:06 UTC] PHP Stack trace:
[01-Sep-2016 06:01:06 UTC] PHP   1. {main}() /home/ubuntu/workspace/wp-admin/update-core.php:0
[01-Sep-2016 06:01:06 UTC] PHP   2. do_core_upgrade() /home/ubuntu/workspace/wp-admin/update-core.php:643
[01-Sep-2016 06:01:06 UTC] PHP   3. Core_Upgrader->upgrade() /home/ubuntu/workspace/wp-admin/update-core.php:491
[01-Sep-2016 06:01:06 UTC] PHP   4. do_action() /home/ubuntu/workspace/wp-admin/includes/class-core-upgrader.php:184
[01-Sep-2016 06:01:06 UTC] PHP   5. call_user_func_array:{/home/ubuntu/workspace/wp-includes/plugin.php:524}() /home/ubuntu/workspace/wp-includes/plugin.php:524
[01-Sep-2016 06:01:06 UTC] PHP   6. wp_update_plugins() /home/ubuntu/workspace/wp-includes/plugin.php:524
[01-Sep-2016 06:01:06 UTC] PHP   7. wp_json_encode() /home/ubuntu/workspace/wp-includes/update.php:297
[01-Sep-2016 06:01:06 UTC] PHP   8. _wp_json_sanity_check() /home/ubuntu/workspace/wp-includes/functions.php:2900
[01-Sep-2016 06:01:06 UTC] PHP   9. _wp_json_sanity_check() /home/ubuntu/workspace/wp-includes/functions.php:2955
[01-Sep-2016 06:01:06 UTC] PHP  10. _wp_json_sanity_check() /home/ubuntu/workspace/wp-includes/functions.php:2955
[01-Sep-2016 06:01:06 UTC] PHP  11. _wp_json_sanity_check() /home/ubuntu/workspace/wp-includes/functions.php:2955
[01-Sep-2016 06:01:06 UTC] PHP  12. _wp_json_sanity_check() /home/ubuntu/workspace/wp-includes/functions.php:2955
[01-Sep-2016 06:01:06 UTC] PHP  13. _wp_json_sanity_check() /home/ubuntu/workspace/wp-includes/functions.php:2955
[01-Sep-2016 06:01:06 UTC] PHP  14. _wp_json_sanity_check() /home/ubuntu/workspace/wp-includes/functions.php:2955
[01-Sep-2016 06:01:06 UTC] PHP  15. _wp_json_sanity_check() /home/ubuntu/workspace/wp-includes/functions.php:2955
[01-Sep-2016 06:01:06 UTC] PHP  16. _wp_json_sanity_check() /home/ubuntu/workspace/wp-includes/functions.php:2955
[01-Sep-2016 06:01:06 UTC] PHP  17. _wp_json_sanity_check() /home/ubuntu/workspace/wp-includes/functions.php:2955
[01-Sep-2016 06:01:06 UTC] PHP  18. _wp_json_sanity_check() /home/ubuntu/workspace/wp-includes/functions.php:2955
[01-Sep-2016 06:01:06 UTC] PHP  19. _wp_json_sanity_check() /home/ubuntu/workspace/wp-includes/functions.php:2955
[01-Sep-2016 06:01:06 UTC] PHP  20. _wp_json_sanity_check() /home/ubuntu/workspace/wp-includes/functions.php:2955
[01-Sep-2016 06:01:06 UTC] PHP  21. _wp_json_sanity_check() /home/ubuntu/workspace/wp-includes/functions.php:2955
[01-Sep-2016 06:01:06 UTC] PHP  22. _wp_json_sanity_check() /home/ubuntu/workspace/wp-includes/functions.php:2955
[01-Sep-2016 06:01:06 UTC] PHP  23. _wp_json_sanity_check() /home/ubuntu/workspace/wp-includes/functions.php:2955
[01-Sep-2016 06:01:06 UTC] PHP  24. _wp_json_sanity_check() /home/ubuntu/workspace/wp-includes/functions.php:2955
[01-Sep-2016 06:01:06 UTC] PHP  25. _wp_json_sanity_check() /home/ubuntu/workspace/wp-includes/functions.php:2955
[01-Sep-2016 06:01:06 UTC] PHP  26. _wp_json_sanity_check() /home/ubuntu/workspace/wp-includes/functions.php:2955
[01-Sep-2016 06:01:06 UTC] PHP  27. _wp_json_sanity_check() /home/ubuntu/workspace/wp-includes/functions.php:2955
[01-Sep-2016 06:01:06 UTC] PHP  28. _wp_json_sanity_check() /home/ubuntu/workspace/wp-includes/functions.php:2955
[01-Sep-2016 06:01:06 UTC] PHP  29. _wp_json_sanity_check() /home/ubuntu/workspace/wp-includes/functions.php:2955
[01-Sep-2016 06:01:06 UTC] PHP  30. _wp_json_sanity_check() /home/ubuntu/workspace/wp-includes/functions.php:2955
[01-Sep-2016 06:01:06 UTC] PHP  31. _wp_json_sanity_check() /home/ubuntu/workspace/wp-includes/functions.php:2955
[01-Sep-2016 06:01:06 UTC] PHP  32. _wp_json_sanity_check() /home/ubuntu/workspace/wp-includes/functions.php:2955
[01-Sep-2016 06:01:06 UTC] PHP  33. _wp_json_sanity_check() /home/ubuntu/workspace/wp-includes/functions.php:2955
[01-Sep-2016 06:01:06 UTC] PHP  34. _wp_json_sanity_check() /home/ubuntu/workspace/wp-includes/functions.php:2955
[01-Sep-2016 06:01:06 UTC] PHP  35. _wp_json_sanity_check() /home/ubuntu/workspace/wp-includes/functions.php:2955
[01-Sep-2016 06:01:06 UTC] PHP  36. _wp_json_sanity_check() /home/ubuntu/workspace/wp-includes/functions.php:2955
[01-Sep-2016 06:01:06 UTC] PHP  37. _wp_json_sanity_check() /home/ubuntu/workspace/wp-includes/functions.php:2955
[01-Sep-2016 06:01:06 UTC] PHP  38. _wp_json_sanity_check() /home/ubuntu/workspace/wp-includes/functions.php:2955
[01-Sep-2016 06:01:06 UTC] PHP  39. _wp_json_sanity_check() /home/ubuntu/workspace/wp-includes/functions.php:2955
[01-Sep-2016 06:01:06 UTC] PHP  40. _wp_json_sanity_check() /home/ubuntu/workspace/wp-includes/functions.php:2955
[01-Sep-2016 06:01:06 UTC] PHP  41. _wp_json_sanity_check() /home/ubuntu/workspace/wp-includes/functions.php:2955
[01-Sep-2016 06:01:06 UTC] PHP  42. _wp_json_sanity_check() /home/ubuntu/workspace/wp-includes/functions.php:2955
[01-Sep-2016 06:01:06 UTC] PHP  43. _wp_json_sanity_check() /home/ubuntu/workspace/wp-includes/functions.php:2955
[01-Sep-2016 06:01:06 UTC] PHP  44. _wp_json_sanity_check() /home/ubuntu/workspace/wp-includes/functions.php:2955
[01-Sep-2016 06:01:06 UTC] PHP  45. _wp_json_sanity_check() /home/ubuntu/workspace/wp-includes/functions.php:2955
[01-Sep-2016 06:01:06 UTC] PHP  46. _wp_json_sanity_check() /home/ubuntu/workspace/wp-includes/functions.php:2955
[01-Sep-2016 06:01:06 UTC] PHP  47. _wp_json_sanity_check() /home/ubuntu/workspace/wp-includes/functions.php:2955
[01-Sep-2016 06:01:06 UTC] PHP  48. _wp_json_sanity_check() /home/ubuntu/workspace/wp-includes/functions.php:2955
[01-Sep-2016 06:01:06 UTC] PHP  49. _wp_json_sanity_check() /home/ubuntu/workspace/wp-includes/functions.php:2955
[01-Sep-2016 06:01:06 UTC] PHP  50. _wp_json_sanity_check() /home/ubuntu/workspace/wp-includes/functions.php:2955
[01-Sep-2016 06:01:06 UTC] PHP  51. _wp_json_sanity_check() /home/ubuntu/workspace/wp-includes/functions.php:2955
[01-Sep-2016 06:01:06 UTC] PHP  52. _wp_json_sanity_check() /home/ubuntu/workspace/wp-includes/functions.php:2955
[01-Sep-2016 06:01:06 UTC] PHP  53. _wp_json_sanity_check() /home/ubuntu/workspace/wp-includes/functions.php:2955
[01-Sep-2016 06:01:06 UTC] PHP  54. _wp_json_sanity_check() /home/ubuntu/workspace/wp-includes/functions.php:2955
[01-Sep-2016 06:01:06 UTC] PHP  55. _wp_json_sanity_check() /home/ubuntu/workspace/wp-includes/functions.php:2955
[01-Sep-2016 06:01:06 UTC] PHP  56. _wp_json_sanity_check() /home/ubuntu/workspace/wp-includes/functions.php:2955
[01-Sep-2016 06:01:06 UTC] PHP  57. _wp_json_sanity_check() /home/ubuntu/workspace/wp-includes/functions.php:2955
[01-Sep-2016 06:01:06 UTC] PHP  58. _wp_json_sanity_check() /home/ubuntu/workspace/wp-includes/functions.php:2955
[01-Sep-2016 06:01:06 UTC] PHP  59. _wp_json_sanity_check() /home/ubuntu/workspace/wp-includes/functions.php:2955
[01-Sep-2016 06:01:06 UTC] PHP  60. _wp_json_sanity_check() /home/ubuntu/workspace/wp-includes/functions.php:2955
[01-Sep-2016 06:01:06 UTC] PHP  61. _wp_json_sanity_check() /home/ubuntu/workspace/wp-includes/functions.php:2955
[01-Sep-2016 06:01:06 UTC] PHP  62. _wp_json_sanity_check() /home/ubuntu/workspace/wp-includes/functions.php:2955
[01-Sep-2016 06:01:06 UTC] PHP  63. _wp_json_sanity_check() /home/ubuntu/workspace/wp-includes/functions.php:2955
[01-Sep-2016 06:01:06 UTC] PHP  64. _wp_json_sanity_check() /home/ubuntu/workspace/wp-includes/functions.php:2955
[01-Sep-2016 06:01:06 UTC] PHP  65. _wp_json_sanity_check() /home/ubuntu/workspace/wp-includes/functions.php:2955
[01-Sep-2016 06:01:06 UTC] PHP  66. _wp_json_sanity_check() /home/ubuntu/workspace/wp-includes/functions.php:2955
[01-Sep-2016 06:01:06 UTC] PHP  67. _wp_json_sanity_check() /home/ubuntu/workspace/wp-includes/functions.php:2955
[01-Sep-2016 06:01:06 UTC] PHP  68. _wp_json_sanity_check() /home/ubuntu/workspace/wp-includes/functions.php:2955
[01-Sep-2016 06:01:06 UTC] PHP  69. _wp_json_sanity_check() /home/ubuntu/workspace/wp-includes/functions.php:2955
[01-Sep-2016 06:01:06 UTC] PHP  70. _wp_json_sanity_check() /home/ubuntu/workspace/wp-includes/functions.php:2955
[01-Sep-2016 06:01:06 UTC] PHP  71. _wp_json_sanity_check() /home/ubuntu/workspace/wp-includes/functions.php:2955
[01-Sep-2016 06:01:06 UTC] PHP  72. _wp_json_sanity_check() /home/ubuntu/workspace/wp-includes/functions.php:2955
[01-Sep-2016 06:01:06 UTC] PHP  73. _wp_json_sanity_check() /home/ubuntu/workspace/wp-includes/functions.php:2955
[01-Sep-2016 06:01:06 UTC] PHP  74. _wp_json_sanity_check() /home/ubuntu/workspace/wp-includes/functions.php:2955
[01-Sep-2016 06:01:06 UTC] PHP  75. _wp_json_sanity_check() /home/ubuntu/workspace/wp-includes/functions.php:2955
[01-Sep-2016 06:01:06 UTC] PHP  76. _wp_json_sanity_check() /home/ubuntu/workspace/wp-includes/functions.php:2955
[01-Sep-2016 06:01:06 UTC] PHP  77. _wp_json_sanity_check() /home/ubuntu/workspace/wp-includes/functions.php:2955
[01-Sep-2016 06:01:06 UTC] PHP  78. _wp_json_sanity_check() /home/ubuntu/workspace/wp-includes/functions.php:2955
[01-Sep-2016 06:01:06 UTC] PHP  79. _wp_json_sanity_check() /home/ubuntu/workspace/wp-includes/functions.php:2955
[01-Sep-2016 06:01:06 UTC] PHP  80. _wp_json_sanity_check() /home/ubuntu/workspace/wp-includes/functions.php:2955
[01-Sep-2016 06:01:06 UTC] PHP  81. _wp_json_sanity_check() /home/ubuntu/workspace/wp-includes/functions.php:2955
[01-Sep-2016 06:01:06 UTC] PHP  82. _wp_json_sanity_check() /home/ubuntu/workspace/wp-includes/functions.php:2955
[01-Sep-2016 06:01:06 UTC] PHP  83. _wp_json_sanity_check() /home/ubuntu/workspace/wp-includes/functions.php:2955
[01-Sep-2016 06:01:06 UTC] PHP  84. _wp_json_sanity_check() /home/ubuntu/workspace/wp-includes/functions.php:2955
[01-Sep-2016 06:01:06 UTC] PHP  85. _wp_json_sanity_check() /home/ubuntu/workspace/wp-includes/functions.php:2955
[01-Sep-2016 06:01:06 UTC] PHP  86. _wp_json_sanity_check() /home/ubuntu/workspace/wp-includes/functions.php:2955
[01-Sep-2016 06:01:06 UTC] PHP  87. _wp_json_sanity_check() /home/ubuntu/workspace/wp-includes/functions.php:2955
[01-Sep-2016 06:01:06 UTC] PHP  88. _wp_json_sanity_check() /home/ubuntu/workspace/wp-includes/functions.php:2955
[01-Sep-2016 06:01:06 UTC] PHP  89. _wp_json_sanity_check() /home/ubuntu/workspace/wp-includes/functions.php:2955
[01-Sep-2016 06:01:06 UTC] PHP  90. _wp_json_sanity_check() /home/ubuntu/workspace/wp-includes/functions.php:2955
[01-Sep-2016 06:01:06 UTC] PHP  91. _wp_json_sanity_check() /home/ubuntu/workspace/wp-includes/functions.php:2955
[01-Sep-2016 06:01:06 UTC] PHP  92. _wp_json_sanity_check() /home/ubuntu/workspace/wp-includes/functions.php:2955
[01-Sep-2016 06:01:06 UTC] PHP  93. _wp_json_sanity_check() /home/ubuntu/workspace/wp-includes/functions.php:2955
[01-Sep-2016 06:01:06 UTC] PHP  94. _wp_json_sanity_check() /home/ubuntu/workspace/wp-includes/functions.php:2955
[01-Sep-2016 06:01:06 UTC] PHP  95. _wp_json_sanity_check() /home/ubuntu/workspace/wp-includes/functions.php:2955
[01-Sep-2016 06:01:06 UTC] PHP  96. _wp_json_sanity_check() /home/ubuntu/workspace/wp-includes/functions.php:2955
[01-Sep-2016 06:01:06 UTC] PHP  97. _wp_json_sanity_check() /home/ubuntu/workspace/wp-includes/functions.php:2955
[01-Sep-2016 06:01:06 UTC] PHP  98. _wp_json_sanity_check() /home/ubuntu/workspace/wp-includes/functions.php:2955
[01-Sep-2016 06:01:06 UTC] PHP  99. _wp_json_sanity_check() /home/ubuntu/workspace/wp-includes/functions.php:2955
[01-Sep-2016 06:01:06 UTC] PHP 100. _wp_json_sanity_check() /home/ubuntu/workspace/wp-includes/functions.php:2955
[01-Sep-2016 06:01:06 UTC] PHP 101. _wp_json_sanity_check() /home/ubuntu/workspace/wp-includes/functions.php:2955
[01-Sep-2016 06:01:06 UTC] PHP 102. _wp_json_sanity_check() /home/ubuntu/workspace/wp-includes/functions.php:2955
[01-Sep-2016 06:01:06 UTC] PHP 103. _wp_json_sanity_check() /home/ubuntu/workspace/wp-includes/functions.php:2955
[01-Sep-2016 06:01:06 UTC] PHP 104. _wp_json_sanity_check() /home/ubuntu/workspace/wp-includes/functions.php:2955
[01-Sep-2016 06:01:06 UTC] PHP 105. _wp_json_sanity_check() /home/ubuntu/workspace/wp-includes/functions.php:2955
[01-Sep-2016 06:01:06 UTC] PHP 106. _wp_json_sanity_check() /home/ubuntu/workspace/wp-includes/functions.php:2955
[01-Sep-2016 06:01:06 UTC] PHP 107. _wp_json_sanity_check() /home/ubuntu/workspace/wp-includes/functions.php:2955
[01-Sep-2016 06:01:06 UTC] PHP 108. _wp_json_sanity_check() /home/ubuntu/workspace/wp-includes/functions.php:2955
[01-Sep-2016 06:01:06 UTC] PHP 109. _wp_json_sanity_check() /home/ubuntu/workspace/wp-includes/functions.php:2955
[01-Sep-2016 06:01:06 UTC] PHP 110. _wp_json_sanity_check() /home/ubuntu/workspace/wp-includes/functions.php:2955
[01-Sep-2016 06:01:06 UTC] PHP 111. _wp_json_sanity_check() /home/ubuntu/workspace/wp-includes/functions.php:2955
[01-Sep-2016 06:01:06 UTC] PHP 112. _wp_json_sanity_check() /home/ubuntu/workspace/wp-includes/functions.php:2955
[01-Sep-2016 06:01:06 UTC] PHP 113. _wp_json_sanity_check() /home/ubuntu/workspace/wp-includes/functions.php:2955
[01-Sep-2016 06:01:06 UTC] PHP 114. _wp_json_sanity_check() /home/ubuntu/workspace/wp-includes/functions.php:2955
[01-Sep-2016 06:01:06 UTC] PHP 115. _wp_json_sanity_check() /home/ubuntu/workspace/wp-includes/functions.php:2955
[01-Sep-2016 06:01:06 UTC] PHP 116. _wp_json_sanity_check() /home/ubuntu/workspace/wp-includes/functions.php:2955
[01-Sep-2016 06:01:06 UTC] PHP 117. _wp_json_sanity_check() /home/ubuntu/workspace/wp-includes/functions.php:2955
[01-Sep-2016 06:01:06 UTC] PHP 118. _wp_json_sanity_check() /home/ubuntu/workspace/wp-includes/functions.php:2955
[01-Sep-2016 06:01:06 UTC] PHP 119. _wp_json_sanity_check() /home/ubuntu/workspace/wp-includes/functions.php:2955
[01-Sep-2016 06:01:06 UTC] PHP 120. _wp_json_sanity_check() /home/ubuntu/workspace/wp-includes/functions.php:2955
[01-Sep-2016 06:01:06 UTC] PHP 121. _wp_json_sanity_check() /home/ubuntu/workspace/wp-includes/functions.php:2955
[01-Sep-2016 06:01:06 UTC] PHP 122. _wp_json_sanity_check() /home/ubuntu/workspace/wp-includes/functions.php:2955
[01-Sep-2016 06:01:06 UTC] PHP 123. _wp_json_sanity_check() /home/ubuntu/workspace/wp-includes/functions.php:2955
[01-Sep-2016 06:01:06 UTC] PHP 124. _wp_json_sanity_check() /home/ubuntu/workspace/wp-includes/functions.php:2955
[01-Sep-2016 06:01:06 UTC] PHP 125. _wp_json_sanity_check() /home/ubuntu/workspace/wp-includes/functions.php:2955
[01-Sep-2016 06:01:06 UTC] PHP 126. _wp_json_sanity_check() /home/ubuntu/workspace/wp-includes/functions.php:2955
[01-Sep-2016 06:01:06 UTC] PHP 127. _wp_json_sanity_check() /home/ubuntu/workspace/wp-includes/functions.php:2955
[01-Sep-2016 06:01:06 UTC] PHP 128. _wp_json_sanity_check() /home/ubuntu/workspace/wp-includes/functions.php:2955
[01-Sep-2016 06:01:06 UTC] PHP 129. _wp_json_sanity_check() /home/ubuntu/workspace/wp-includes/functions.php:2955
[01-Sep-2016 06:01:06 UTC] PHP 130. _wp_json_sanity_check() /home/ubuntu/workspace/wp-includes/functions.php:2955
[01-Sep-2016 06:01:06 UTC] PHP 131. _wp_json_sanity_check() /home/ubuntu/workspace/wp-includes/functions.php:2955
[01-Sep-2016 06:01:06 UTC] PHP 132. _wp_json_sanity_check() /home/ubuntu/workspace/wp-includes/functions.php:2955
[01-Sep-2016 06:01:06 UTC] PHP 133. _wp_json_sanity_check() /home/ubuntu/workspace/wp-includes/functions.php:2955
[01-Sep-2016 06:01:06 UTC] PHP 134. _wp_json_sanity_check() /home/ubuntu/workspace/wp-includes/functions.php:2955
[01-Sep-2016 06:01:06 UTC] PHP 135. _wp_json_sanity_check() /home/ubuntu/workspace/wp-includes/functions.php:2955
[01-Sep-2016 06:01:06 UTC] PHP 136. _wp_json_sanity_check() /home/ubuntu/workspace/wp-includes/functions.php:2955
[01-Sep-2016 06:01:06 UTC] PHP 137. _wp_json_sanity_check() /home/ubuntu/workspace/wp-includes/functions.php:2955
[01-Sep-2016 06:01:06 UTC] PHP 138. _wp_json_sanity_check() /home/ubuntu/workspace/wp-includes/functions.php:2955
[01-Sep-2016 06:01:06 UTC] PHP 139. _wp_json_sanity_check() /home/ubuntu/workspace/wp-includes/functions.php:2955
[01-Sep-2016 06:01:06 UTC] PHP 140. _wp_json_sanity_check() /home/ubuntu/workspace/wp-includes/functions.php:2955
[01-Sep-2016 06:01:06 UTC] PHP 141. _wp_json_sanity_check() /home/ubuntu/workspace/wp-includes/functions.php:2955
[01-Sep-2016 06:01:06 UTC] PHP 142. _wp_json_sanity_check() /home/ubuntu/workspace/wp-includes/functions.php:2955
[01-Sep-2016 06:01:06 UTC] PHP 143. _wp_json_sanity_check() /home/ubuntu/workspace/wp-includes/functions.php:2955
[01-Sep-2016 06:01:06 UTC] PHP 144. _wp_json_sanity_check() /home/ubuntu/workspace/wp-includes/functions.php:2955
[01-Sep-2016 06:01:06 UTC] PHP 145. _wp_json_sanity_check() /home/ubuntu/workspace/wp-includes/functions.php:2955
[01-Sep-2016 06:01:06 UTC] PHP 146. _wp_json_sanity_check() /home/ubuntu/workspace/wp-includes/functions.php:2955
[01-Sep-2016 06:01:06 UTC] PHP 147. _wp_json_sanity_check() /home/ubuntu/workspace/wp-includes/functions.php:2955
[01-Sep-2016 06:01:06 UTC] PHP 148. _wp_json_sanity_check() /home/ubuntu/workspace/wp-includes/functions.php:2955
[01-Sep-2016 06:01:06 UTC] PHP 149. _wp_json_sanity_check() /home/ubuntu/workspace/wp-includes/functions.php:2955
[01-Sep-2016 06:01:06 UTC] PHP 150. _wp_json_sanity_check() /home/ubuntu/workspace/wp-includes/functions.php:2955
[01-Sep-2016 06:01:06 UTC] PHP 151. _wp_json_sanity_check() /home/ubuntu/workspace/wp-includes/functions.php:2955
[01-Sep-2016 06:01:06 UTC] PHP 152. _wp_json_sanity_check() /home/ubuntu/workspace/wp-includes/functions.php:2955
[01-Sep-2016 06:01:06 UTC] PHP 153. _wp_json_sanity_check() /home/ubuntu/workspace/wp-includes/functions.php:2955
[01-Sep-2016 06:01:06 UTC] PHP 154. _wp_json_sanity_check() /home/ubuntu/workspace/wp-includes/functions.php:2955
[01-Sep-2016 06:01:06 UTC] PHP 155. _wp_json_sanity_check() /home/ubuntu/workspace/wp-includes/functions.php:2955
[01-Sep-2016 06:01:06 UTC] PHP 156. _wp_json_sanity_check() /home/ubuntu/workspace/wp-includes/functions.php:2955
[01-Sep-2016 06:01:06 UTC] PHP 157. _wp_json_sanity_check() /home/ubuntu/workspace/wp-includes/functions.php:2955
[01-Sep-2016 06:01:06 UTC] PHP 158. _wp_json_sanity_check() /home/ubuntu/workspace/wp-includes/functions.php:2955
[01-Sep-2016 06:01:06 UTC] PHP 159. _wp_json_sanity_check() /home/ubuntu/workspace/wp-includes/functions.php:2955
[01-Sep-2016 06:01:06 UTC] PHP 160. _wp_json_sanity_check() /home/ubuntu/workspace/wp-includes/functions.php:2955
[01-Sep-2016 06:01:06 UTC] PHP 161. _wp_json_sanity_check() /home/ubuntu/workspace/wp-includes/functions.php:2955
[01-Sep-2016 06:01:06 UTC] PHP 162. _wp_json_sanity_check() /home/ubuntu/workspace/wp-includes/functions.php:2955
[01-Sep-2016 06:01:06 UTC] PHP 163. _wp_json_sanity_check() /home/ubuntu/workspace/wp-includes/functions.php:2955
[01-Sep-2016 06:01:06 UTC] PHP 164. _wp_json_sanity_check() /home/ubuntu/workspace/wp-includes/functions.php:2955
[01-Sep-2016 06:01:06 UTC] PHP 165. _wp_json_sanity_check() /home/ubuntu/workspace/wp-includes/functions.php:2955
[01-Sep-2016 06:01:06 UTC] PHP 166. _wp_json_sanity_check() /home/ubuntu/workspace/wp-includes/functions.php:2955
[01-Sep-2016 06:01:06 UTC] PHP 167. _wp_json_sanity_check() /home/ubuntu/workspace/wp-includes/functions.php:2955
[01-Sep-2016 06:01:06 UTC] PHP 168. _wp_json_sanity_check() /home/ubuntu/workspace/wp-includes/functions.php:2955
[01-Sep-2016 06:01:06 UTC] PHP 169. _wp_json_sanity_check() /home/ubuntu/workspace/wp-includes/functions.php:2955
[01-Sep-2016 06:01:06 UTC] PHP 170. _wp_json_sanity_check() /home/ubuntu/workspace/wp-includes/functions.php:2955
[01-Sep-2016 06:01:06 UTC] PHP 171. _wp_json_sanity_check() /home/ubuntu/workspace/wp-includes/functions.php:2955
[01-Sep-2016 06:01:06 UTC] PHP 172. _wp_json_sanity_check() /home/ubuntu/workspace/wp-includes/functions.php:2955
[01-Sep-2016 06:01:06 UTC] PHP 173. _wp_json_sanity_check() /home/ubuntu/workspace/wp-includes/functions.php:2955
[01-Sep-2016 06:01:06 UTC] PHP 174. _wp_json_sanity_check() /home/ubuntu/workspace/wp-includes/functions.php:2955
[01-Sep-2016 06:01:06 UTC] PHP 175. _wp_json_sanity_check() /home/ubuntu/workspace/wp-includes/functions.php:2955
[01-Sep-2016 06:01:06 UTC] PHP 176. _wp_json_sanity_check() /home/ubuntu/workspace/wp-includes/functions.php:2955
[01-Sep-2016 06:01:06 UTC] PHP 177. _wp_json_sanity_check() /home/ubuntu/workspace/wp-includes/functions.php:2955
[01-Sep-2016 06:01:06 UTC] PHP 178. _wp_json_sanity_check() /home/ubuntu/workspace/wp-includes/functions.php:2955
[01-Sep-2016 06:01:06 UTC] PHP 179. _wp_json_sanity_check() /home/ubuntu/workspace/wp-includes/functions.php:2955
[01-Sep-2016 06:01:06 UTC] PHP 180. _wp_json_sanity_check() /home/ubuntu/workspace/wp-includes/functions.php:2955
[01-Sep-2016 06:01:06 UTC] PHP 181. _wp_json_sanity_check() /home/ubuntu/workspace/wp-includes/functions.php:2955
[01-Sep-2016 06:01:06 UTC] PHP 182. _wp_json_sanity_check() /home/ubuntu/workspace/wp-includes/functions.php:2955
[01-Sep-2016 06:01:06 UTC] PHP 183. _wp_json_sanity_check() /home/ubuntu/workspace/wp-includes/functions.php:2955
[01-Sep-2016 06:01:06 UTC] PHP 184. _wp_json_sanity_check() /home/ubuntu/workspace/wp-includes/functions.php:2955
[01-Sep-2016 06:01:06 UTC] PHP 185. _wp_json_sanity_check() /home/ubuntu/workspace/wp-includes/functions.php:2955
[01-Sep-2016 06:01:06 UTC] PHP 186. _wp_json_sanity_check() /home/ubuntu/workspace/wp-includes/functions.php:2955
[01-Sep-2016 06:01:06 UTC] PHP 187. _wp_json_sanity_check() /home/ubuntu/workspace/wp-includes/functions.php:2955
[01-Sep-2016 06:01:06 UTC] PHP 188. _wp_json_sanity_check() /home/ubuntu/workspace/wp-includes/functions.php:2955
[01-Sep-2016 06:01:06 UTC] PHP 189. _wp_json_sanity_check() /home/ubuntu/workspace/wp-includes/functions.php:2955
[01-Sep-2016 06:01:06 UTC] PHP 190. _wp_json_sanity_check() /home/ubuntu/workspace/wp-includes/functions.php:2955
[01-Sep-2016 06:01:06 UTC] PHP 191. _wp_json_sanity_check() /home/ubuntu/workspace/wp-includes/functions.php:2955
[01-Sep-2016 06:01:06 UTC] PHP 192. _wp_json_sanity_check() /home/ubuntu/workspace/wp-includes/functions.php:2955
[01-Sep-2016 06:01:06 UTC] PHP 193. _wp_json_sanity_check() /home/ubuntu/workspace/wp-includes/functions.php:2955
[01-Sep-2016 06:01:06 UTC] PHP 194. _wp_json_sanity_check() /home/ubuntu/workspace/wp-includes/functions.php:2955
[01-Sep-2016 06:01:06 UTC] PHP 195. _wp_json_sanity_check() /home/ubuntu/workspace/wp-includes/functions.php:2955
[01-Sep-2016 06:01:06 UTC] PHP 196. _wp_json_sanity_check() /home/ubuntu/workspace/wp-includes/functions.php:2955
[01-Sep-2016 06:01:06 UTC] PHP 197. _wp_json_sanity_check() /home/ubuntu/workspace/wp-includes/functions.php:2955
[01-Sep-2016 06:01:06 UTC] PHP 198. _wp_json_sanity_check() /home/ubuntu/workspace/wp-includes/functions.php:2955
[01-Sep-2016 06:01:06 UTC] PHP 199. _wp_json_sanity_check() /home/ubuntu/workspace/wp-includes/functions.php:2955
[01-Sep-2016 06:01:06 UTC] PHP 200. _wp_json_sanity_check() /home/ubuntu/workspace/wp-includes/functions.php:2955
[01-Sep-2016 06:01:06 UTC] PHP 201. _wp_json_sanity_check() /home/ubuntu/workspace/wp-includes/functions.php:2955
[01-Sep-2016 06:01:06 UTC] PHP 202. _wp_json_sanity_check() /home/ubuntu/workspace/wp-includes/functions.php:2955
[01-Sep-2016 06:01:06 UTC] PHP 203. _wp_json_sanity_check() /home/ubuntu/workspace/wp-includes/functions.php:2955
[01-Sep-2016 06:01:06 UTC] PHP 204. _wp_json_sanity_check() /home/ubuntu/workspace/wp-includes/functions.php:2955
[01-Sep-2016 06:01:06 UTC] PHP 205. _wp_json_sanity_check() /home/ubuntu/workspace/wp-includes/functions.php:2955
[01-Sep-2016 06:01:06 UTC] PHP 206. _wp_json_sanity_check() /home/ubuntu/workspace/wp-includes/functions.php:2955
[01-Sep-2016 06:01:06 UTC] PHP 207. _wp_json_sanity_check() /home/ubuntu/workspace/wp-includes/functions.php:2955
[01-Sep-2016 06:01:06 UTC] PHP 208. _wp_json_sanity_check() /home/ubuntu/workspace/wp-includes/functions.php:2955
[01-Sep-2016 06:01:06 UTC] PHP 209. _wp_json_sanity_check() /home/ubuntu/workspace/wp-includes/functions.php:2955
[01-Sep-2016 06:01:06 UTC] PHP 210. _wp_json_sanity_check() /home/ubuntu/workspace/wp-includes/functions.php:2955
[01-Sep-2016 06:01:06 UTC] PHP 211. _wp_json_sanity_check() /home/ubuntu/workspace/wp-includes/functions.php:2955
[01-Sep-2016 06:01:06 UTC] PHP 212. _wp_json_sanity_check() /home/ubuntu/workspace/wp-includes/functions.php:2955
[01-Sep-2016 06:01:06 UTC] PHP 213. _wp_json_sanity_check() /home/ubuntu/workspace/wp-includes/functions.php:2955
[01-Sep-2016 06:01:06 UTC] PHP 214. _wp_json_sanity_check() /home/ubuntu/workspace/wp-includes/functions.php:2955
[01-Sep-2016 06:01:06 UTC] PHP 215. _wp_json_sanity_check() /home/ubuntu/workspace/wp-includes/functions.php:2955
[01-Sep-2016 06:01:06 UTC] PHP 216. _wp_json_sanity_check() /home/ubuntu/workspace/wp-includes/functions.php:2955
[01-Sep-2016 06:01:06 UTC] PHP 217. _wp_json_sanity_check() /home/ubuntu/workspace/wp-includes/functions.php:2955
[01-Sep-2016 06:01:06 UTC] PHP 218. _wp_json_sanity_check() /home/ubuntu/workspace/wp-includes/functions.php:2955
[01-Sep-2016 06:01:06 UTC] PHP 219. _wp_json_sanity_check() /home/ubuntu/workspace/wp-includes/functions.php:2955
[01-Sep-2016 06:01:06 UTC] PHP 220. _wp_json_sanity_check() /home/ubuntu/workspace/wp-includes/functions.php:2955
[01-Sep-2016 06:01:06 UTC] PHP 221. _wp_json_sanity_check() /home/ubuntu/workspace/wp-includes/functions.php:2955
[01-Sep-2016 06:01:06 UTC] PHP 222. _wp_json_sanity_check() /home/ubuntu/workspace/wp-includes/functions.php:2955
[01-Sep-2016 06:01:06 UTC] PHP 223. _wp_json_sanity_check() /home/ubuntu/workspace/wp-includes/functions.php:2955
[01-Sep-2016 06:01:06 UTC] PHP 224. _wp_json_sanity_check() /home/ubuntu/workspace/wp-includes/functions.php:2955
[01-Sep-2016 06:01:06 UTC] PHP 225. _wp_json_sanity_check() /home/ubuntu/workspace/wp-includes/functions.php:2955
[01-Sep-2016 06:01:06 UTC] PHP 226. _wp_json_sanity_check() /home/ubuntu/workspace/wp-includes/functions.php:2955
[01-Sep-2016 06:01:06 UTC] PHP 227. _wp_json_sanity_check() /home/ubuntu/workspace/wp-includes/functions.php:2955
[01-Sep-2016 06:01:06 UTC] PHP 228. _wp_json_sanity_check() /home/ubuntu/workspace/wp-includes/functions.php:2955
[01-Sep-2016 06:01:06 UTC] PHP 229. _wp_json_sanity_check() /home/ubuntu/workspace/wp-includes/functions.php:2955
[01-Sep-2016 06:01:06 UTC] PHP 230. _wp_json_sanity_check() /home/ubuntu/workspace/wp-includes/functions.php:2955
[01-Sep-2016 06:01:06 UTC] PHP 231. _wp_json_sanity_check() /home/ubuntu/workspace/wp-includes/functions.php:2955
[01-Sep-2016 06:01:06 UTC] PHP 232. _wp_json_sanity_check() /home/ubuntu/workspace/wp-includes/functions.php:2955
[01-Sep-2016 06:01:06 UTC] PHP 233. _wp_json_sanity_check() /home/ubuntu/workspace/wp-includes/functions.php:2955
[01-Sep-2016 06:01:06 UTC] PHP 234. _wp_json_sanity_check() /home/ubuntu/workspace/wp-includes/functions.php:2955
[01-Sep-2016 06:01:06 UTC] PHP 235. _wp_json_sanity_check() /home/ubuntu/workspace/wp-includes/functions.php:2955
[01-Sep-2016 06:01:06 UTC] PHP 236. _wp_json_sanity_check() /home/ubuntu/workspace/wp-includes/functions.php:2955
[01-Sep-2016 06:01:06 UTC] PHP 237. _wp_json_sanity_check() /home/ubuntu/workspace/wp-includes/functions.php:2955
[01-Sep-2016 06:01:06 UTC] PHP 238. _wp_json_sanity_check() /home/ubuntu/workspace/wp-includes/functions.php:2955
[01-Sep-2016 06:01:06 UTC] PHP 239. _wp_json_sanity_check() /home/ubuntu/workspace/wp-includes/functions.php:2955
[01-Sep-2016 06:01:06 UTC] PHP 240. _wp_json_sanity_check() /home/ubuntu/workspace/wp-includes/functions.php:2955
[01-Sep-2016 06:01:06 UTC] PHP 241. _wp_json_sanity_check() /home/ubuntu/workspace/wp-includes/functions.php:2955
[01-Sep-2016 06:01:06 UTC] PHP 242. _wp_json_sanity_check() /home/ubuntu/workspace/wp-includes/functions.php:2955
[01-Sep-2016 06:01:06 UTC] PHP 243. _wp_json_sanity_check() /home/ubuntu/workspace/wp-includes/functions.php:2955
[01-Sep-2016 06:01:06 UTC] PHP 244. _wp_json_sanity_check() /home/ubuntu/workspace/wp-includes/functions.php:2955
[01-Sep-2016 06:01:06 UTC] PHP 245. _wp_json_sanity_check() /home/ubuntu/workspace/wp-includes/functions.php:2955
[01-Sep-2016 06:01:06 UTC] PHP 246. _wp_json_sanity_check() /home/ubuntu/workspace/wp-includes/functions.php:2955
[01-Sep-2016 06:01:06 UTC] PHP 247. _wp_json_sanity_check() /home/ubuntu/workspace/wp-includes/functions.php:2955
[01-Sep-2016 06:01:06 UTC] PHP 248. _wp_json_sanity_check() /home/ubuntu/workspace/wp-includes/functions.php:2955
[01-Sep-2016 06:01:06 UTC] PHP 249. _wp_json_sanity_check() /home/ubuntu/workspace/wp-includes/functions.php:2955
[01-Sep-2016 06:01:06 UTC] PHP 250. _wp_json_sanity_check() /home/ubuntu/workspace/wp-includes/functions.php:2955
[01-Sep-2016 06:01:06 UTC] PHP 251. _wp_json_sanity_check() /home/ubuntu/workspace/wp-includes/functions.php:2955
[01-Sep-2016 06:01:06 UTC] PHP 252. _wp_json_sanity_check() /home/ubuntu/workspace/wp-includes/functions.php:2955
[01-Sep-2016 06:01:06 UTC] PHP 253. _wp_json_sanity_check() /home/ubuntu/workspace/wp-includes/functions.php:2955
[01-Sep-2016 06:01:06 UTC] PHP 254. _wp_json_sanity_check() /home/ubuntu/workspace/wp-includes/functions.php:2955
[01-Sep-2016 06:01:06 UTC] PHP 255. _wp_json_sanity_check() /home/ubuntu/workspace/wp-includes/functions.php:2955
[01-Sep-2016 06:01:06 UTC] PHP 256. _wp_json_convert_string() /home/ubuntu/workspace/wp-includes/functions.php:2931
